<?xml version="1.0" encoding="UTF-8"?>
<persistence version="2.0"
	xmlns="http://java.sun.com/xml/ns/persistence" xmlns:xsi="http://www.w3.org/2001/XMLSchema-instance"
	xsi:schemaLocation="
http://java.sun.com/xml/ns/persistence
http://java.sun.com/xml/ns/persistence/persistence_2_0.xsd">
	<persistence-unit name="test">
		<provider>org.hibernate.ejb.HibernatePersistence</provider>
		<jta-data-source>java:jboss/datasources/arquillian</jta-data-source>
		<class>com.elgregos.jpa.entity.Animal</class>
		<class>com.elgregos.jpa.entity.Person</class>
		<properties>
			<property name="hibernate.hbm2ddl.auto" value="update" />
			<property name="hibernate.show_sql" value="true" />
			<property name="hibernate.dialect" value="org.hibernate.dialect.H2Dialect" />
			<!-- property name="hibernate.dialect" value="org.hibernate.dialect.PostgreSQLDialect" /-->
			<property name="hibernate.default_schema" value="testschema" />
		</properties>
	</persistence-unit>
</persistence>